829    2015-10-07 01:08:51,476 TRACE                   students.util.MailUtil  - Getting properties
842    2015-10-07 01:08:51,489 TRACE                   students.util.MailUtil  - Setting up smtp session
843    2015-10-07 01:08:51,490 TRACE                   students.util.MailUtil  - Formatting the new message
949    2015-10-07 01:08:51,596 TRACE                   students.util.MailUtil  - Sending message
18798  2015-10-07 01:09:09,445 TRACE                   students.util.MailUtil  - Message successfully sent
25923  2015-10-07 01:27:43,527 TRACE                   students.util.MailUtil  - Getting properties
25935  2015-10-07 01:27:43,539 TRACE                   students.util.MailUtil  - Setting up smtp session
25935  2015-10-07 01:27:43,539 TRACE                   students.util.MailUtil  - Formatting the new message
25957  2015-10-07 01:27:43,561 TRACE                   students.util.MailUtil  - Sending message
28554  2015-10-07 01:27:46,158 TRACE                   students.util.MailUtil  - Message successfully sent
65     2015-10-07 01:31:56,810 TRACE                   students.util.MailUtil  - Getting properties
76     2015-10-07 01:31:56,821 TRACE                   students.util.MailUtil  - Setting up smtp session
76     2015-10-07 01:31:56,821 TRACE                   students.util.MailUtil  - Formatting the new message
98     2015-10-07 01:31:56,843 TRACE                   students.util.MailUtil  - Sending message
2748   2015-10-07 01:31:59,493 TRACE                   students.util.MailUtil  - Message successfully sent
91     2015-10-07 01:34:27,074 TRACE                   students.util.MailUtil  - Getting properties
103    2015-10-07 01:34:27,086 TRACE                   students.util.MailUtil  - Setting up smtp session
103    2015-10-07 01:34:27,086 TRACE                   students.util.MailUtil  - Formatting the new message
125    2015-10-07 01:34:27,108 TRACE                   students.util.MailUtil  - Sending message
3749   2015-10-07 01:34:30,732 TRACE                   students.util.MailUtil  - Message successfully sent
612    2015-10-07 01:43:11,441 TRACE                   students.util.MailUtil  - Getting properties
629    2015-10-07 01:43:11,458 TRACE                   students.util.MailUtil  - Setting up smtp session
629    2015-10-07 01:43:11,458 TRACE                   students.util.MailUtil  - Formatting the new message
655    2015-10-07 01:43:11,484 TRACE                   students.util.MailUtil  - Sending message
2610   2015-10-07 01:43:13,439 TRACE                   students.util.MailUtil  - Message successfully sent
772    2015-10-07 01:46:00,457 TRACE                   students.util.MailUtil  - Getting properties
782    2015-10-07 01:46:00,467 TRACE                   students.util.MailUtil  - Setting up smtp session
782    2015-10-07 01:46:00,467 TRACE                   students.util.MailUtil  - Formatting the new message
805    2015-10-07 01:46:00,490 TRACE                   students.util.MailUtil  - Sending message
2693   2015-10-07 01:46:02,378 TRACE                   students.util.MailUtil  - Message successfully sent
12617  2015-10-07 01:46:12,302 TRACE                   students.util.MailUtil  - Getting properties
12619  2015-10-07 01:46:12,304 TRACE                   students.util.MailUtil  - Setting up smtp session
12619  2015-10-07 01:46:12,304 TRACE                   students.util.MailUtil  - Formatting the new message
12619  2015-10-07 01:46:12,304 TRACE                   students.util.MailUtil  - Sending message
14261  2015-10-07 01:46:13,946 TRACE                   students.util.MailUtil  - Message successfully sent
55481  2015-10-07 01:46:55,166 TRACE                   students.util.MailUtil  - Getting properties
55483  2015-10-07 01:46:55,168 TRACE                   students.util.MailUtil  - Setting up smtp session
55483  2015-10-07 01:46:55,168 TRACE                   students.util.MailUtil  - Formatting the new message
55483  2015-10-07 01:46:55,168 TRACE                   students.util.MailUtil  - Sending message
57378  2015-10-07 01:46:57,063 TRACE                   students.util.MailUtil  - Message successfully sent
646    2015-10-07 01:54:34,483 TRACE                   students.util.MailUtil  - Getting properties
659    2015-10-07 01:54:34,496 TRACE                   students.util.MailUtil  - Setting up smtp session
659    2015-10-07 01:54:34,496 TRACE                   students.util.MailUtil  - Formatting the new message
680    2015-10-07 01:54:34,517 TRACE                   students.util.MailUtil  - Sending message
2604   2015-10-07 01:54:36,441 TRACE                   students.util.MailUtil  - Message successfully sent
687    2015-10-07 01:55:52,380 TRACE                   students.util.MailUtil  - Getting properties
699    2015-10-07 01:55:52,392 TRACE                   students.util.MailUtil  - Setting up smtp session
699    2015-10-07 01:55:52,392 TRACE                   students.util.MailUtil  - Formatting the new message
721    2015-10-07 01:55:52,414 TRACE                   students.util.MailUtil  - Sending message
2581   2015-10-07 01:55:54,274 TRACE                   students.util.MailUtil  - Message successfully sent
798    2015-10-07 01:58:00,533 TRACE                   students.util.MailUtil  - Getting properties
811    2015-10-07 01:58:00,546 TRACE                   students.util.MailUtil  - Setting up smtp session
811    2015-10-07 01:58:00,546 TRACE                   students.util.MailUtil  - Formatting the new message
833    2015-10-07 01:58:00,568 TRACE                   students.util.MailUtil  - Sending message
3089   2015-10-07 01:58:02,824 TRACE                   students.util.MailUtil  - Message successfully sent
598    2015-10-07 02:03:51,680 TRACE                   students.util.MailUtil  - Getting properties
611    2015-10-07 02:03:51,693 TRACE                   students.util.MailUtil  - Setting up smtp session
611    2015-10-07 02:03:51,693 TRACE                   students.util.MailUtil  - Formatting the new message
638    2015-10-07 02:03:51,720 TRACE                   students.util.MailUtil  - Sending message
3338   2015-10-07 02:03:54,420 TRACE                   students.util.MailUtil  - Message successfully sent
64     2015-10-07 02:06:50,411 TRACE                   students.util.MailUtil  - Getting properties
76     2015-10-07 02:06:50,423 TRACE                   students.util.MailUtil  - Setting up smtp session
76     2015-10-07 02:06:50,423 TRACE                   students.util.MailUtil  - Formatting the new message
99     2015-10-07 02:06:50,446 TRACE                   students.util.MailUtil  - Sending message
1999   2015-10-07 02:06:52,346 TRACE                   students.util.MailUtil  - Message successfully sent
13950  2015-10-07 02:07:04,297 TRACE                   students.util.MailUtil  - Getting properties
13953  2015-10-07 02:07:04,300 TRACE                   students.util.MailUtil  - Setting up smtp session
13953  2015-10-07 02:07:04,300 TRACE                   students.util.MailUtil  - Formatting the new message
13953  2015-10-07 02:07:04,300 TRACE                   students.util.MailUtil  - Sending message
15443  2015-10-07 02:07:05,790 TRACE                   students.util.MailUtil  - Message successfully sent
14     2015-10-07 02:29:40,240 TRACE                   students.util.MailUtil  - Getting properties
25     2015-10-07 02:29:40,251 TRACE                   students.util.MailUtil  - Setting up smtp session
26     2015-10-07 02:29:40,252 TRACE                   students.util.MailUtil  - Formatting the new message
135771 2015-10-07 02:31:55,997 TRACE                   students.util.MailUtil  - Getting properties
135776 2015-10-07 02:31:56,002 TRACE                   students.util.MailUtil  - Setting up smtp session
135776 2015-10-07 02:31:56,002 TRACE                   students.util.MailUtil  - Formatting the new message
157316 2015-10-07 02:32:17,542 TRACE                   students.util.MailUtil  - Getting properties
157318 2015-10-07 02:32:17,544 TRACE                   students.util.MailUtil  - Setting up smtp session
157318 2015-10-07 02:32:17,544 TRACE                   students.util.MailUtil  - Formatting the new message
190460 2015-10-07 02:32:50,686 TRACE                   students.util.MailUtil  - Getting properties
190462 2015-10-07 02:32:50,688 TRACE                   students.util.MailUtil  - Setting up smtp session
190462 2015-10-07 02:32:50,688 TRACE                   students.util.MailUtil  - Formatting the new message
14     2015-10-07 02:43:25,300 TRACE                   students.util.MailUtil  - Getting properties
29     2015-10-07 02:43:25,315 TRACE                   students.util.MailUtil  - Setting up smtp session
29     2015-10-07 02:43:25,315 TRACE                   students.util.MailUtil  - Formatting the new message
145426 2015-10-07 03:02:14,536 TRACE                   students.util.MailUtil  - Getting properties
145438 2015-10-07 03:02:14,548 TRACE                   students.util.MailUtil  - Setting up smtp session
145438 2015-10-07 03:02:14,548 TRACE                   students.util.MailUtil  - Formatting the new message
145461 2015-10-07 03:02:14,571 TRACE                   students.util.MailUtil  - Sending message
148393 2015-10-07 03:02:17,503 TRACE                   students.util.MailUtil  - Message successfully sent
174882 2015-10-07 03:02:43,992 TRACE                   students.util.MailUtil  - Getting properties
174885 2015-10-07 03:02:43,995 TRACE                   students.util.MailUtil  - Setting up smtp session
174885 2015-10-07 03:02:43,995 TRACE                   students.util.MailUtil  - Formatting the new message
174885 2015-10-07 03:02:43,995 TRACE                   students.util.MailUtil  - Sending message
176328 2015-10-07 03:02:45,438 TRACE                   students.util.MailUtil  - Message successfully sent
224864 2015-10-07 03:03:33,974 TRACE                   students.util.MailUtil  - Getting properties
224866 2015-10-07 03:03:33,976 TRACE                   students.util.MailUtil  - Setting up smtp session
224866 2015-10-07 03:03:33,976 TRACE                   students.util.MailUtil  - Formatting the new message
224866 2015-10-07 03:03:33,976 TRACE                   students.util.MailUtil  - Sending message
226370 2015-10-07 03:03:35,480 TRACE                   students.util.MailUtil  - Message successfully sent
185137 2015-10-07 03:28:41,925 TRACE                   students.util.MailUtil  - Getting properties
185152 2015-10-07 03:28:41,940 TRACE                   students.util.MailUtil  - Setting up smtp session
185152 2015-10-07 03:28:41,940 TRACE                   students.util.MailUtil  - Formatting the new message
185196 2015-10-07 03:28:41,984 TRACE                   students.util.MailUtil  - Sending message
188878 2015-10-07 03:28:45,666 TRACE                   students.util.MailUtil  - Message successfully sent
201449 2015-10-07 03:28:58,237 TRACE                   students.util.MailUtil  - Getting properties
201451 2015-10-07 03:28:58,239 TRACE                   students.util.MailUtil  - Setting up smtp session
201451 2015-10-07 03:28:58,239 TRACE                   students.util.MailUtil  - Formatting the new message
201451 2015-10-07 03:28:58,239 TRACE                   students.util.MailUtil  - Sending message
203768 2015-10-07 03:29:00,556 TRACE                   students.util.MailUtil  - Message successfully sent
273532 2015-10-07 03:30:10,320 TRACE                   students.util.MailUtil  - Getting properties
273535 2015-10-07 03:30:10,323 TRACE                   students.util.MailUtil  - Setting up smtp session
273535 2015-10-07 03:30:10,323 TRACE                   students.util.MailUtil  - Formatting the new message
273535 2015-10-07 03:30:10,323 TRACE                   students.util.MailUtil  - Sending message
275319 2015-10-07 03:30:12,107 TRACE                   students.util.MailUtil  - Message successfully sent
184876 2015-10-07 03:58:13,417 TRACE                   students.util.MailUtil  - Getting properties
184888 2015-10-07 03:58:13,429 TRACE                   students.util.MailUtil  - Setting up smtp session
184888 2015-10-07 03:58:13,429 TRACE                   students.util.MailUtil  - Formatting the new message
185003 2015-10-07 03:58:13,544 TRACE                   students.util.MailUtil  - Sending message
193237 2015-10-07 03:58:21,778 TRACE                   students.util.MailUtil  - Message successfully sent
210194 2015-10-07 03:58:38,735 TRACE                   students.util.MailUtil  - Getting properties
210196 2015-10-07 03:58:38,737 TRACE                   students.util.MailUtil  - Setting up smtp session
210196 2015-10-07 03:58:38,737 TRACE                   students.util.MailUtil  - Formatting the new message
210196 2015-10-07 03:58:38,737 TRACE                   students.util.MailUtil  - Sending message
211996 2015-10-07 03:58:40,537 TRACE                   students.util.MailUtil  - Message successfully sent
13377  2015-10-07 04:02:48,041 TRACE                   students.util.MailUtil  - Getting properties
13393  2015-10-07 04:02:48,057 TRACE                   students.util.MailUtil  - Setting up smtp session
13393  2015-10-07 04:02:48,057 TRACE                   students.util.MailUtil  - Formatting the new message
13417  2015-10-07 04:02:48,081 TRACE                   students.util.MailUtil  - Sending message
16082  2015-10-07 04:02:50,746 TRACE                   students.util.MailUtil  - Message successfully sent
56913  2015-10-07 04:03:31,577 TRACE                   students.util.MailUtil  - Getting properties
56915  2015-10-07 04:03:31,579 TRACE                   students.util.MailUtil  - Setting up smtp session
56915  2015-10-07 04:03:31,579 TRACE                   students.util.MailUtil  - Formatting the new message
56916  2015-10-07 04:03:31,580 TRACE                   students.util.MailUtil  - Sending message
58830  2015-10-07 04:03:33,494 TRACE                   students.util.MailUtil  - Message successfully sent
119784 2015-10-07 04:08:45,624 TRACE                   students.util.MailUtil  - Getting properties
119797 2015-10-07 04:08:45,637 TRACE                   students.util.MailUtil  - Setting up smtp session
119797 2015-10-07 04:08:45,637 TRACE                   students.util.MailUtil  - Formatting the new message
119821 2015-10-07 04:08:45,661 TRACE                   students.util.MailUtil  - Sending message
122344 2015-10-07 04:08:48,184 TRACE                   students.util.MailUtil  - Message successfully sent
224939 2015-10-07 04:10:30,779 TRACE                   students.util.MailUtil  - Getting properties
224944 2015-10-07 04:10:30,784 TRACE                   students.util.MailUtil  - Setting up smtp session
224944 2015-10-07 04:10:30,784 TRACE                   students.util.MailUtil  - Formatting the new message
224944 2015-10-07 04:10:30,784 TRACE                   students.util.MailUtil  - Sending message
226990 2015-10-07 04:10:32,830 TRACE                   students.util.MailUtil  - Message successfully sent
76539  2015-10-07 10:00:00,683 TRACE                   students.util.MailUtil  - Getting properties
76603  2015-10-07 10:00:00,747 TRACE                   students.util.MailUtil  - Setting up smtp session
76603  2015-10-07 10:00:00,747 TRACE                   students.util.MailUtil  - Formatting the new message
76713  2015-10-07 10:00:00,857 TRACE                   students.util.MailUtil  - Sending message
81095  2015-10-07 10:00:05,239 TRACE                   students.util.MailUtil  - Message successfully sent
